-------------------------------------------------------------------------------
Test set: core.petri.simulation.PetriTokenSimulatorTest$ChoiceAndConflictTests
-------------------------------------------------------------------------------
Tests run: 2, Failures: 1, Errors: 0, Skipped: 0, Time elapsed: 0.006 s <<< FAILURE! - in core.petri.simulation.PetriTokenSimulatorTest$ChoiceAndConflictTests
core.petri.simulation.PetriTokenSimulatorTest$ChoiceAndConflictTests.shouldHandleChoiceConflictsDeterministically  Time elapsed: 0.005 s  <<< FAILURE!
org.opentest4j.AssertionFailedError: 

expected: 2
 but was: 1
	at java.base/jdk.internal.reflect.NativeConstructorAccessorImpl.newInstance0(Native Method)
	at java.base/jdk.internal.reflect.NativeConstructorAccessorImpl.newInstance(NativeConstructorAccessorImpl.java:77)
	at java.base/jdk.internal.reflect.DelegatingConstructorAccessorImpl.newInstance(DelegatingConstructorAccessorImpl.java:45)
	at java.base/java.lang.reflect.Constructor.newInstanceWithCaller(Constructor.java:500)
	at core.petri.simulation.PetriTokenSimulatorTest$ChoiceAndConflictTests.shouldHandleChoiceConflictsDeterministically(PetriTokenSimulatorTest.java:153)
	at java.base/java.lang.reflect.Method.invoke(Method.java:569)
	at java.base/java.util.concurrent.RecursiveAction.exec(RecursiveAction.java:194)
	at java.base/java.util.concurrent.ForkJoinTask.doExec(ForkJoinTask.java:373)
	at java.base/java.util.concurrent.ForkJoinPool$WorkQueue.topLevelExec(ForkJoinPool.java:1182)
	at java.base/java.util.concurrent.ForkJoinPool.scan(ForkJoinPool.java:1655)
	at java.base/java.util.concurrent.ForkJoinPool.runWorker(ForkJoinPool.java:1622)
	at java.base/java.util.concurrent.ForkJoinWorkerThread.run(ForkJoinWorkerThread.java:165)

