-------------------------------------------------------------------------------
Test set: core.petri.simulation.PetriSimulationIntegrationTest$PerformanceAndScalabilityTests
-------------------------------------------------------------------------------
Tests run: 1, Failures: 1, Errors: 0, Skipped: 0, Time elapsed: 0.02 s <<< FAILURE! - in core.petri.simulation.PetriSimulationIntegrationTest$PerformanceAndScalabilityTests
core.petri.simulation.PetriSimulationIntegrationTest$PerformanceAndScalabilityTests.shouldHandleModerateSizedNetworksEfficiently  Time elapsed: 0.018 s  <<< FAILURE!
java.lang.AssertionError: 

Expecting actual:
  3
to be greater than:
  10

	at core.petri.simulation.PetriSimulationIntegrationTest$PerformanceAndScalabilityTests.shouldHandleModerateSizedNetworksEfficiently(PetriSimulationIntegrationTest.java:572)
	at java.base/java.lang.reflect.Method.invoke(Method.java:569)
	at java.base/java.util.concurrent.RecursiveAction.exec(RecursiveAction.java:194)
	at java.base/java.util.concurrent.ForkJoinTask.doExec(ForkJoinTask.java:373)
	at java.base/java.util.concurrent.ForkJoinPool$WorkQueue.topLevelExec(ForkJoinPool.java:1182)
	at java.base/java.util.concurrent.ForkJoinPool.scan(ForkJoinPool.java:1655)
	at java.base/java.util.concurrent.ForkJoinPool.runWorker(ForkJoinPool.java:1622)
	at java.base/java.util.concurrent.ForkJoinWorkerThread.run(ForkJoinWorkerThread.java:165)

